<?xml version="1.0" encoding="UTF-8"?>
<!-- Generated by org.testng.reporters.JUnitReportReporter -->
<testsuite hostname="MTVL12914a1e1.local" name="com.sample.TestNGParameterExample" tests="1" failures="0" timestamp="25 Jan 2015 16:25:08 GMT" time="0.010" errors="0">
  <testcase name="readingParamValuesFromTestNGSuite" time="0.010" classname="com.sample.TestNGParameterExample"/>
</testsuite> <!-- com.sample.TestNGParameterExample -->
